# JRE version: Java(TM) SE Runtime Environment (8.0_71-b15) (build 1.8.0_71-b15)
# Java VM: Java HotSpot(TM) 64-Bit Server VM (25.71-b15 mixed mode linux-amd64 compressed oops)
Heap:
 def new generation   total 22656K, used 0K [0x00000000f0600000, 0x00000000f1e90000, 0x00000000f5950000)
  eden space 20160K,   0% used [0x00000000f0600000, 0x00000000f0600000, 0x00000000f19b0000)
  from space 2496K,   0% used [0x00000000f19b0000, 0x00000000f19b0000, 0x00000000f1c20000)
  to   space 2496K,   0% used [0x00000000f1c20000, 0x00000000f1c20000, 0x00000000f1e90000)
 tenured generation   total 51756K, used 48148K [0x00000000f5950000, 0x00000000f8bdb000, 0x0000000100000000)
   the space 51756K,  93% used [0x00000000f5950000, 0x00000000f8855390, 0x00000000f8855400, 0x00000000f8bdb000)
 Metaspace       used 51517K, capacity 52566K, committed 52736K, reserved 1095680K
  class space    used 6373K, capacity 6599K, committed 6656K, reserved 1048576K
GC Heap History (10 events):
Event: 18.455 GC heap after
Heap after GC invocations=103 (full 5):
 def new generation   total 22656K, used 2495K [0x00000000f0600000, 0x00000000f1e90000, 0x00000000f5950000)
  eden space 20160K,   0% used [0x00000000f0600000, 0x00000000f0600000, 0x00000000f19b0000)
  from space 2496K,  99% used [0x00000000f1c20000, 0x00000000f1e8fff8, 0x00000000f1e90000)
  to   space 2496K,   0% used [0x00000000f19b0000, 0x00000000f19b0000, 0x00000000f1c20000)
 tenured generation   total 50220K, used 48785K [0x00000000f5950000, 0x00000000f8a5b000, 0x0000000100000000)
   the space 50220K,  97% used [0x00000000f5950000, 0x00000000f88f4490, 0x00000000f88f4600, 0x00000000f8a5b000)
 Metaspace       used 48749K, capacity 49704K, committed 50048K, reserved 1093632K
  class space    used 6003K, capacity 6227K, committed 6272K, reserved 1048576K
}
Event: 18.686 GC heap before
{Heap before GC invocations=103 (full 5):
 def new generation   total 22656K, used 22655K [0x00000000f0600000, 0x00000000f1e90000, 0x00000000f5950000)
  eden space 20160K, 100% used [0x00000000f0600000, 0x00000000f19b0000, 0x00000000f19b0000)
  from space 2496K,  99% used [0x00000000f1c20000, 0x00000000f1e8fff8, 0x00000000f1e90000)
  to   space 2496K,   0% used [0x00000000f19b0000, 0x00000000f19b0000, 0x00000000f1c20000)
 tenured generation   total 50220K, used 48785K [0x00000000f5950000, 0x00000000f8a5b000, 0x0000000100000000)
   the space 50220K,  97% used [0x00000000f5950000, 0x00000000f88f4490, 0x00000000f88f4600, 0x00000000f8a5b000)
 Metaspace       used 48899K, capacity 49832K, committed 50048K, reserved 1093632K
  class space    used 6016K, capacity 6227K, committed 6272K, reserved 1048576K
Event: 18.694 GC heap after
Heap after GC invocations=104 (full 5):
 def new generation   total 22656K, used 998K [0x00000000f0600000, 0x00000000f1e90000, 0x00000000f5950000)
  eden space 20160K,   0% used [0x00000000f0600000, 0x00000000f0600000, 0x00000000f19b0000)
  from space 2496K,  39% used [0x00000000f19b0000, 0x00000000f1aa98c8, 0x00000000f1c20000)
  to   space 2496K,   0% used [0x00000000f1c20000, 0x00000000f1c20000, 0x00000000f1e90000)
 tenured generation   total 50220K, used 49934K [0x00000000f5950000, 0x00000000f8a5b000, 0x0000000100000000)
   the space 50220K,  99% used [0x00000000f5950000, 0x00000000f8a13908, 0x00000000f8a13a00, 0x00000000f8a5b000)
 Metaspace       used 48899K, capacity 49832K, committed 50048K, reserved 1093632K
  class space    used 6016K, capacity 6227K, committed 6272K, reserved 1048576K
}
Event: 18.989 GC heap before
{Heap before GC invocations=104 (full 5):
 def new generation   total 22656K, used 21158K [0x00000000f0600000, 0x00000000f1e90000, 0x00000000f5950000)
  eden space 20160K, 100% used [0x00000000f0600000, 0x00000000f19b0000, 0x00000000f19b0000)
  from space 2496K,  39% used [0x00000000f19b0000, 0x00000000f1aa98c8, 0x00000000f1c20000)
  to   space 2496K,   0% used [0x00000000f1c20000, 0x00000000f1c20000, 0x00000000f1e90000)
 tenured generation   total 50220K, used 49934K [0x00000000f5950000, 0x00000000f8a5b000, 0x0000000100000000)
   the space 50220K,  99% used [0x00000000f5950000, 0x00000000f8a13908, 0x00000000f8a13a00, 0x00000000f8a5b000)
 Metaspace       used 49165K, capacity 50188K, committed 50304K, reserved 1093632K
  class space    used 6045K, capacity 6265K, committed 6272K, reserved 1048576K
Event: 18.992 GC heap after
Heap after GC invocations=105 (full 5):
 def new generation   total 22656K, used 498K [0x00000000f0600000, 0x00000000f1e90000, 0x00000000f5950000)
  eden space 20160K,   0% used [0x00000000f0600000, 0x00000000f0600000, 0x00000000f19b0000)
  from space 2496K,  19% used [0x00000000f1c20000, 0x00000000f1c9ca00, 0x00000000f1e90000)
  to   space 2496K,   0% used [0x00000000f19b0000, 0x00000000f19b0000, 0x00000000f1c20000)
 tenured generation   total 50220K, used 49934K [0x00000000f5950000, 0x00000000f8a5b000, 0x0000000100000000)
   the space 50220K,  99% used [0x00000000f5950000, 0x00000000f8a13908, 0x00000000f8a13a00, 0x00000000f8a5b000)
 Metaspace       used 49165K, capacity 50188K, committed 50304K, reserved 1093632K
  class space    used 6045K, capacity 6265K, committed 6272K, reserved 1048576K
}
Event: 19.235 GC heap before
{Heap before GC invocations=105 (full 5):
 def new generation   total 22656K, used 20658K [0x00000000f0600000, 0x00000000f1e90000, 0x00000000f5950000)
  eden space 20160K, 100% used [0x00000000f0600000, 0x00000000f19b0000, 0x00000000f19b0000)
  from space 2496K,  19% used [0x00000000f1c20000, 0x00000000f1c9ca00, 0x00000000f1e90000)
  to   space 2496K,   0% used [0x00000000f19b0000, 0x00000000f19b0000, 0x00000000f1c20000)
 tenured generation   total 50220K, used 49934K [0x00000000f5950000, 0x00000000f8a5b000, 0x0000000100000000)
   the space 50220K,  99% used [0x00000000f5950000, 0x00000000f8a13908, 0x00000000f8a13a00, 0x00000000f8a5b000)
 Metaspace       used 49387K, capacity 50424K, committed 50688K, reserved 1093632K
  class space    used 6070K, capacity 6299K, committed 6400K, reserved 1048576K
Event: 19.240 GC heap after
Heap after GC invocations=106 (full 5):
 def new generation   total 22656K, used 739K [0x00000000f0600000, 0x00000000f1e90000, 0x00000000f5950000)
  eden space 20160K,   0% used [0x00000000f0600000, 0x00000000f0600000, 0x00000000f19b0000)
  from space 2496K,  29% used [0x00000000f19b0000, 0x00000000f1a68d50, 0x00000000f1c20000)
  to   space 2496K,   0% used [0x00000000f1c20000, 0x00000000f1c20000, 0x00000000f1e90000)
 tenured generation   total 50220K, used 49934K [0x00000000f5950000, 0x00000000f8a5b000, 0x0000000100000000)
   the space 50220K,  99% used [0x00000000f5950000, 0x00000000f8a13908, 0x00000000f8a13a00, 0x00000000f8a5b000)
 Metaspace       used 49387K, capacity 50424K, committed 50688K, reserved 1093632K
  class space    used 6070K, capacity 6299K, committed 6400K, reserved 1048576K
}
Event: 19.687 GC heap before
{Heap before GC invocations=106 (full 5):
 def new generation   total 22656K, used 20899K [0x00000000f0600000, 0x00000000f1e90000, 0x00000000f5950000)
  eden space 20160K, 100% used [0x00000000f0600000, 0x00000000f19b0000, 0x00000000f19b0000)
  from space 2496K,  29% used [0x00000000f19b0000, 0x00000000f1a68d50, 0x00000000f1c20000)
  to   space 2496K,   0% used [0x00000000f1c20000, 0x00000000f1c20000, 0x00000000f1e90000)
 tenured generation   total 50220K, used 49934K [0x00000000f5950000, 0x00000000f8a5b000, 0x0000000100000000)
   the space 50220K,  99% used [0x00000000f5950000, 0x00000000f8a13908, 0x00000000f8a13a00, 0x00000000f8a5b000)
 Metaspace       used 50886K, capacity 51966K, committed 52224K, reserved 1095680K
  class space    used 6281K, capacity 6531K, committed 6656K, reserved 1048576K
Event: 19.695 GC heap after
Heap after GC invocations=107 (full 5):
 def new generation   total 22656K, used 2496K [0x00000000f0600000, 0x00000000f1e90000, 0x00000000f5950000)
  eden space 20160K,   0% used [0x00000000f0600000, 0x00000000f0600000, 0x00000000f19b0000)
  from space 2496K, 100% used [0x00000000f1c20000, 0x00000000f1e90000, 0x00000000f1e90000)
  to   space 2496K,   0% used [0x00000000f19b0000, 0x00000000f19b0000, 0x00000000f1c20000)
 tenured generation   total 50220K, used 50197K [0x00000000f5950000, 0x00000000f8a5b000, 0x0000000100000000)
   the space 50220K,  99% used [0x00000000f5950000, 0x00000000f8a556a0, 0x00000000f8a55800, 0x00000000f8a5b000)
 Metaspace       used 50886K, capacity 51966K, committed 52224K, reserved 1095680K
  class space    used 6281K, capacity 6531K, committed 6656K, reserved 1048576K
}
Event: 20.004 GC heap before
{Heap before GC invocations=107 (full 5):
 def new generation   total 22656K, used 22656K [0x00000000f0600000, 0x00000000f1e90000, 0x00000000f5950000)
  eden space 20160K, 100% used [0x00000000f0600000, 0x00000000f19b0000, 0x00000000f19b0000)
  from space 2496K, 100% used [0x00000000f1c20000, 0x00000000f1e90000, 0x00000000f1e90000)
  to   space 2496K,   0% used [0x00000000f19b0000, 0x00000000f19b0000, 0x00000000f1c20000)
 tenured generation   total 50220K, used 50197K [0x00000000f5950000, 0x00000000f8a5b000, 0x0000000100000000)
   the space 50220K,  99% used [0x00000000f5950000, 0x00000000f8a556a0, 0x00000000f8a55800, 0x00000000f8a5b000)
 Metaspace       used 51517K, capacity 52566K, committed 52736K, reserved 1095680K
  class space    used 6373K, capacity 6599K, committed 6656K, reserved 1048576K

